[2016-03-11 22:53:40] START
[2016-03-11 22:55:35] EDIT oph2py01/private/test.txt: 1
[2016-03-11 23:44:37] CREATE test.txt: 0
[2016-03-11 23:44:47] EDIT oph2py01/private/test.txt: 1
[2016-03-11 23:45:59] CREATE test.txt: 0
[2016-03-11 23:46:08] EDIT oph2py01/static/test.txt: 1
[2016-03-12 00:04:51] EDIT oph2py01/static/test.txt: 1
[2016-03-12 00:13:46] EDIT oph2py01/static/test.txt: 1
[2016-03-12 00:16:27] EDIT oph2py01/static/test.txt: 1
[2016-04-03 19:51:37] CREATE test.txt: 0
[2016-04-03 19:51:48] EDIT oph2py01/private/test.txt: 1
[2016-04-03 19:55:50] DELETE oph2py01/static/test.txt.bak: -3
[2016-04-03 19:55:56] DELETE oph2py01/private/test.txt: -1
[2016-04-03 19:56:02] DELETE oph2py01/private/test.txt.bak: 0
[2016-04-03 19:56:15] CREATE test.txt: 0
[2016-04-03 19:56:27] EDIT oph2py01/private/test.txt: 1
[2016-04-03 19:58:22] EDIT oph2py01/private/test.txt: 1
[2016-04-10 16:28:29] UPLOAD /home/www-data/web2py/applications/oph2py01/static/css/bootstrap_table.css: 248
[2016-04-10 16:30:33] UPLOAD /home/www-data/web2py/applications/oph2py01/static/js/bootstrap_table.js: 2403
[2016-04-10 16:31:54] UPLOAD /home/www-data/web2py/applications/oph2py01/static/js/bootstrap_table_locale_all.js: 1502
