timestamp: 2016-04-10T19:06:11.840449
CREATE TABLE gender(
    id INTEGER PRIMARY KEY AUTOINCREMENT,
    sex CHAR(512)
);
success!
timestamp: 2016-04-10T19:06:11.950250
CREATE TABLE auth_user(
    id INTEGER PRIMARY KEY AUTOINCREMENT,
    first_name CHAR(128),
    last_name CHAR(128),
    email CHAR(512),
    password CHAR(512),
    registration_key CHAR(512),
    reset_password_key CHAR(512),
    registration_id CHAR(512),
    maiden_name_pid6 CHAR(512),
    dob_pid7 DATE,
    birth_town_pid23 CHAR(512),
    birth_country_pid23 CHAR(512),
    gender_pid8 INTEGER REFERENCES gender (id) ON DELETE CASCADE  ,
    idc_num CHAR(512),
    ssn_pid19 CHAR(512)
);
success!
timestamp: 2016-04-10T19:06:12.045655
CREATE TABLE auth_group(
    id INTEGER PRIMARY KEY AUTOINCREMENT,
    role CHAR(512),
    description TEXT
);
success!
timestamp: 2016-04-10T19:06:12.146652
CREATE TABLE auth_membership(
    id INTEGER PRIMARY KEY AUTOINCREMENT,
    user_id INTEGER REFERENCES auth_user (id) ON DELETE CASCADE  ,
    group_id INTEGER REFERENCES auth_group (id) ON DELETE CASCADE  
);
success!
timestamp: 2016-04-10T19:06:12.247483
CREATE TABLE auth_permission(
    id INTEGER PRIMARY KEY AUTOINCREMENT,
    group_id INTEGER REFERENCES auth_group (id) ON DELETE CASCADE  ,
    name CHAR(512),
    table_name CHAR(512),
    record_id INTEGER
);
success!
timestamp: 2016-04-10T19:06:12.348375
CREATE TABLE auth_event(
    id INTEGER PRIMARY KEY AUTOINCREMENT,
    time_stamp TIMESTAMP,
    client_ip CHAR(512),
    user_id INTEGER REFERENCES auth_user (id) ON DELETE CASCADE  ,
    origin CHAR(512),
    description TEXT
);
success!
timestamp: 2016-04-10T19:06:12.448429
CREATE TABLE auth_cas(
    id INTEGER PRIMARY KEY AUTOINCREMENT,
    user_id INTEGER REFERENCES auth_user (id) ON DELETE CASCADE  ,
    created_on TIMESTAMP,
    service CHAR(512),
    ticket CHAR(512),
    renew CHAR(1)
);
success!
timestamp: 2016-04-10T19:06:12.548549
CREATE TABLE address(
    id INTEGER PRIMARY KEY AUTOINCREMENT,
    id_auth_user INTEGER REFERENCES auth_user (id) ON DELETE CASCADE  ,
    address1 CHAR(512),
    address2 CHAR(512)
);
success!
timestamp: 2016-04-10T19:06:12.647291
CREATE TABLE test(
    id INTEGER PRIMARY KEY AUTOINCREMENT,
    testname CHAR(512),
    testvalue CHAR(512)
);
success!
